{"name": "test_login[invalid9384569834@hotmail.com-notvalidpas34091]", "status": "broken", "statusDetails": {"message": "selenium.common.exceptions.TimeoutException: Message:", "trace": "self = <anotepad_tests.TestClass object at 0x0436C210>\nbrowser = <selenium.webdriver.chrome.webdriver.WebDriver (session=\"eeb559cb7ea0b36249ab1044f06e40b9\")>\nemail = 'invalid9384569834@hotmail.com', password = 'notvalidpas34091'\n\n      @allure.testcase(TC_LINK, \"Test Case: GL-894:Login into the app\")\n      @allure.feature(\"Logging in\")\n      @pytest.mark.parametrize(\n          'email, password', [\n              ('kair317@gmail.com', '1234567'),                       # valid email and password ... Expected: PASS\n              ('invalid9384569834@hotmail.com', 'notvalidpas34091')   # invalid email and password ... Expected: FAIL\n          ]\n      )\n    # @pytest.mark.withallure\n      def test_login(self, browser, email, password):\n          browser.get(AUT_LINK)\n          browser.maximize_window()\n    \n          login = Login(browser)\n          login.login(email, password)\n>         login.login_assertion()\n\nanotepad_tests.py:28: \n_ _ _ _ _ _ _ _ _ _ _ _ _ _ _ _ _ _ _ _ _ _ _ _ _ _ _ _ _ _ _ _ _ _ _ _ _ _ _ _\nPages\\Login_page.py:26: in login_assertion\n    WebDriverWait(self.browser, 5).until(EC.presence_of_element_located((By.LINK_TEXT, \"Logout\")))\n_ _ _ _ _ _ _ _ _ _ _ _ _ _ _ _ _ _ _ _ _ _ _ _ _ _ _ _ _ _ _ _ _ _ _ _ _ _ _ _\n\nself = <selenium.webdriver.support.wait.WebDriverWait (session=\"eeb559cb7ea0b36249ab1044f06e40b9\")>\nmethod = <selenium.webdriver.support.expected_conditions.presence_of_element_located object at 0x04398270>\nmessage = ''\n\n    def until(self, method, message=''):\n        \"\"\"Calls the method provided with the driver as an argument until the \\\n        return value is not False.\"\"\"\n        screen = None\n        stacktrace = None\n    \n        end_time = time.time() + self._timeout\n        while True:\n            try:\n                value = method(self._driver)\n                if value:\n                    return value\n            except self._ignored_exceptions as exc:\n                screen = getattr(exc, 'screen', None)\n                stacktrace = getattr(exc, 'stacktrace', None)\n            time.sleep(self._poll)\n            if time.time() > end_time:\n                break\n>       raise TimeoutException(message, screen, stacktrace)\nE       selenium.common.exceptions.TimeoutException: Message:\n\nc:\\users\\admin\\appdata\\local\\programs\\python\\python37-32\\lib\\site-packages\\selenium\\webdriver\\support\\wait.py:80: TimeoutException"}, "steps": [{"name": "Login into the system", "status": "passed", "parameters": [{"name": "email", "value": "'invalid9384569834@hotmail.com'"}, {"name": "password", "value": "'notvalidpas34091'"}], "start": 1561641935333, "stop": 1561641938680}, {"name": "Check that login was successful", "status": "broken", "statusDetails": {"message": "selenium.common.exceptions.TimeoutException: Message: \n\n", "trace": "  File \"c:\\users\\admin\\appdata\\local\\programs\\python\\python37-32\\lib\\site-packages\\allure_commons\\_allure.py\", line 153, in impl\n    return func(*a, **kw)\n  File \"F:\\projects\\Homework3\\Pages\\Login_page.py\", line 26, in login_assertion\n    WebDriverWait(self.browser, 5).until(EC.presence_of_element_located((By.LINK_TEXT, \"Logout\")))\n  File \"c:\\users\\admin\\appdata\\local\\programs\\python\\python37-32\\lib\\site-packages\\selenium\\webdriver\\support\\wait.py\", line 80, in until\n    raise TimeoutException(message, screen, stacktrace)\n"}, "start": 1561641938680, "stop": 1561641943844}], "parameters": [{"name": "email", "value": "'invalid9384569834@hotmail.com'"}, {"name": "password", "value": "'notvalidpas34091'"}], "start": 1561641932203, "stop": 1561641943855, "uuid": "90ae2042-d038-4aea-8ef7-9d28d418592e", "historyId": "cac9a4ab75dfbe4aaa645ae6cf14d96d", "fullName": "anotepad_tests.TestClass#test_login[invalid9384569834@hotmail.com-notvalidpas34091]", "labels": [{"name": "feature", "value": "Logging in"}, {"name": "parentSuite"}, {"name": "suite", "value": "anotepad_tests"}, {"name": "subSuite", "value": "TestClass"}, {"name": "host", "value": "admin-ПК"}, {"name": "thread", "value": "5056-MainThread"}, {"name": "framework", "value": "pytest"}, {"name": "language", "value": "cpython3"}, {"name": "package", "value": "anotepad_tests"}], "links": [{"type": "test_case", "url": "http://52.169.88.152/lib/testcases/tcPrint.php?show_mode=&testcase_id=5141&tcversion_id=5142", "name": "Test Case: GL-894:Login into the app"}]}